[2026-03-12 00:05:14] [INFO] [Detector][Candidate] band#2 reject: width_too_small width=5 min_width=28 x0=342 y0=72 band_h=15
[2026-03-12 00:05:14] [INFO] [Detector][Candidate] band#2 reject: width_too_small width=2 min_width=28 x0=354 y0=72 band_h=15
[2026-03-12 00:05:14] [INFO] [Detector][Candidate] band#2 reject: width_too_small width=10 min_width=28 x0=359 y0=72 band_h=15
[2026-03-12 00:05:14] [INFO] [Detector][Candidate] band#2 reject: width_too_small width=2 min_width=28 x0=382 y0=72 band_h=15
[2026-03-12 00:05:14] [INFO] [Detector][Candidate] band#2 reject: width_too_small width=3 min_width=28 x0=386 y0=72 band_h=15
[2026-03-12 00:05:14] [INFO] [Detector][Candidate] band#2 reject: width_too_small width=9 min_width=28 x0=415 y0=72 band_h=15
[2026-03-12 00:05:14] [INFO] [Detector][Candidate] band#2 reject: width_too_small width=2 min_width=28 x0=426 y0=72 band_h=15
[2026-03-12 00:05:14] [INFO] [Detector][Candidate] band#2 reject: width_too_small width=3 min_width=28 x0=429 y0=72 band_h=15
[2026-03-12 00:05:14] [INFO] [Detector][Candidate] band#2 reject: width_too_small width=16 min_width=28 x0=433 y0=72 band_h=15
[2026-03-12 00:05:14] [INFO] [Detector][Candidate] band#2 reject: width_too_small width=9 min_width=28 x0=453 y0=72 band_h=15
[2026-03-12 00:05:14] [INFO] [Detector][Candidate] band#2 reject: width_too_small width=2 min_width=28 x0=463 y0=72 band_h=15
[2026-03-12 00:05:14] [INFO] [Detector][Candidate] band#2 reject: width_too_small width=2 min_width=28 x0=477 y0=72 band_h=15
[2026-03-12 00:05:14] [INFO] [Detector][Candidate] band#2 reject: width_too_small width=2 min_width=28 x0=480 y0=72 band_h=15
[2026-03-12 00:05:14] [INFO] [Detector][Candidate] band#2 reject: width_too_small width=2 min_width=28 x0=485 y0=72 band_h=15
[2026-03-12 00:05:14] [INFO] [Detector][Candidate] band#2 reject: width_too_small width=6 min_width=28 x0=531 y0=72 band_h=15
[2026-03-12 00:05:14] [INFO] [Detector][Candidate] band#2 reject: width_too_small width=2 min_width=28 x0=553 y0=72 band_h=15
[2026-03-12 00:05:14] [INFO] [Detector][Candidate] band#2 reject: width_too_small width=2 min_width=28 x0=556 y0=72 band_h=15
[2026-03-12 00:05:14] [INFO] [Detector][Candidate] band#2 reject: width_too_small width=3 min_width=28 x0=563 y0=72 band_h=15
[2026-03-12 00:05:14] [INFO] [Detector][Col] band#2 y0=72 y1=86 band_h=15 col_threshold=3 active_segments=42
[2026-03-12 00:05:14] [INFO] [Detector][Output] final_detection_count=1
[2026-03-12 00:05:14] [INFO] [Detector][Input] frame=576x88 bgra_bytes=202752 expected_bgra_bytes=202752
[2026-03-12 00:05:14] [INFO] [Detector][Params] input_threshold=0.6000 clamped_threshold=0.6000 grad_threshold=39 row_density_threshold=0.0920 min_band_height=8 max_band_height=29
[2026-03-12 00:05:14] [INFO] [Detector][Row] row_hits_stats min=0 max=574 mean=69.0114 hit_rows=86/88
[2026-03-12 00:05:14] [INFO] [Detector][Band] extracted_band_count=3
[2026-03-12 00:05:14] [INFO] [Detector][Band] band#0 y0=27 y1=35 height=9 mean_row_density=0.1376
[2026-03-12 00:05:14] [INFO] [Detector][Band] band#1 y0=37 y1=50 height=14 mean_row_density=0.1244
[2026-03-12 00:05:14] [INFO] [Detector][Band] band#2 y0=72 y1=86 height=15 mean_row_density=0.3511
[2026-03-12 00:05:14] [INFO] [Detector][Candidate] band#0 reject: width_too_small width=1 min_width=28 x0=1 y0=27 band_h=9
[2026-03-12 00:05:14] [INFO] [Detector][Candidate] band#0 reject: width_too_small width=2 min_width=28 x0=75 y0=27 band_h=9
[2026-03-12 00:05:14] [INFO] [Detector][Candidate] band#0 reject: width_too_small width=10 min_width=28 x0=88 y0=27 band_h=9
[2026-03-12 00:05:14] [INFO] [Detector][Candidate] band#0 reject: width_too_small width=2 min_width=28 x0=109 y0=27 band_h=9
[2026-03-12 00:05:14] [INFO] [Detector][Candidate] band#0 reject: width_too_small width=4 min_width=28 x0=113 y0=27 band_h=9
[2026-03-12 00:05:14] [INFO] [Detector][Candidate] band#0 reject: width_too_small width=5 min_width=28 x0=118 y0=27 band_h=9
[2026-03-12 00:05:14] [INFO] [Detector][Candidate] band#0 reject: width_too_small width=11 min_width=28 x0=125 y0=27 band_h=9
[2026-03-12 00:05:14] [INFO] [Detector][Candidate] band#0 reject: width_too_small width=5 min_width=28 x0=138 y0=27 band_h=9
[2026-03-12 00:05:14] [INFO] [Detector][Candidate] band#0 reject: width_too_small width=8 min_width=28 x0=144 y0=27 band_h=9
[2026-03-12 00:05:14] [INFO] [Detector][Candidate] band#0 reject: width_too_small width=5 min_width=28 x0=155 y0=27 band_h=9
[2026-03-12 00:05:14] [INFO] [Detector][Candidate] band#0 reject: width_too_small width=3 min_width=28 x0=163 y0=27 band_h=9
[2026-03-12 00:05:14] [INFO] [Detector][Candidate] band#0 reject: width_too_small width=2 min_width=28 x0=171 y0=27 band_h=9
[2026-03-12 00:05:14] [INFO] [Detector][Candidate] band#0 reject: width_too_small width=2 min_width=28 x0=174 y0=27 band_h=9
[2026-03-12 00:05:14] [INFO] [Detector][Candidate] band#0 reject: width_too_small width=4 min_width=28 x0=181 y0=27 band_h=9
[2026-03-12 00:05:14] [INFO] [Detector][Col] band#0 y0=27 y1=35 band_h=9 col_threshold=2 active_segments=14
[2026-03-12 00:05:14] [INFO] [Detector][Candidate] band#1 reject: width_too_small width=1 min_width=28 x0=1 y0=37 band_h=14
[2026-03-12 00:05:14] [INFO] [Detector][Candidate] band#1 reject: width_too_small width=2 min_width=28 x0=76 y0=37 band_h=14
[2026-03-12 00:05:14] [INFO] [Detector][Candidate] band#1 reject: width_too_small width=19 min_width=28 x0=79 y0=37 band_h=14
[2026-03-12 00:05:14] [INFO] [Detector][Candidate] band#1 reject: width_too_small width=5 min_width=28 x0=106 y0=37 band_h=14
[2026-03-12 00:05:14] [INFO] [Detector][Candidate] band#1 reject: width_too_small width=6 min_width=28 x0=117 y0=37 band_h=14
[2026-03-12 00:05:14] [INFO] [Detector][Candidate] band#1 reject: width_too_small width=3 min_width=28 x0=124 y0=37 band_h=14
[2026-03-12 00:05:14] [INFO] [Detector][Candidate] band#1 reject: width_too_small width=5 min_width=28 x0=128 y0=37 band_h=14
[2026-03-12 00:05:14] [INFO] [Detector][Candidate] band#1 reject: width_too_small width=2 min_width=28 x0=141 y0=37 band_h=14
[2026-03-12 00:05:14] [INFO] [Detector][Candidate] band#1 reject: width_too_small width=2 min_width=28 x0=144 y0=37 band_h=14
[2026-03-12 00:05:14] [INFO] [Detector][Candidate] band#1 reject: width_too_small width=19 min_width=28 x0=154 y0=37 band_h=14
[2026-03-12 00:05:14] [INFO] [Detector][Candidate] band#1 reject: width_too_small width=8 min_width=28 x0=174 y0=37 band_h=14
[2026-03-12 00:05:14] [INFO] [Detector][Candidate] band#1 reject: width_too_small width=3 min_width=28 x0=183 y0=37 band_h=14
[2026-03-12 00:05:14] [INFO] [Detector][Candidate] band#1 reject: width_too_small width=6 min_width=28 x0=187 y0=37 band_h=14
[2026-03-12 00:05:14] [INFO] [Detector][Candidate] band#1 reject: width_too_small width=7 min_width=28 x0=194 y0=37 band_h=14
[2026-03-12 00:05:14] [INFO] [Detector][Col] band#1 y0=37 y1=50 band_h=14 col_threshold=3 active_segments=14
[2026-03-12 00:05:14] [INFO] [Detector][Candidate] band#2 reject: width_too_small width=1 min_width=28 x0=1 y0=72 band_h=15
[2026-03-12 00:05:14] [INFO] [Detector][Candidate] band#2 reject: width_too_small width=13 min_width=28 x0=76 y0=72 band_h=15
[2026-03-12 00:05:14] [INFO] [Detector][Candidate] band#2 reject: width_too_small width=17 min_width=28 x0=91 y0=72 band_h=15
[2026-03-12 00:05:14] [INFO] [Detector][Candidate] band#2 reject: width_too_small width=1 min_width=28 x0=109 y0=72 band_h=15
[2026-03-12 00:05:14] [INFO] [Detector][Candidate] band#2 reject: width_too_small width=4 min_width=28 x0=114 y0=72 band_h=15
[2026-03-12 00:05:14] [INFO] [Detector][Candidate] band#2 reject: width_too_small width=7 min_width=28 x0=123 y0=72 band_h=15
[2026-03-12 00:05:14] [INFO] [Detector][Candidate] band#2 reject: width_too_small width=12 min_width=28 x0=133 y0=72 band_h=15
[2026-03-12 00:05:14] [INFO] [Detector][Candidate] band#2 reject: width_too_small width=19 min_width=28 x0=147 y0=72 band_h=15
[2026-03-12 00:05:14] [INFO] [Detector][Candidate] band#2 reject: width_too_small width=1 min_width=28 x0=167 y0=72 band_h=15
[2026-03-12 00:05:14] [INFO] [Detector][Candidate] band#2 reject: width_too_small width=11 min_width=28 x0=195 y0=72 band_h=15
[2026-03-12 00:05:14] [INFO] [Detector][Candidate] band#2 reject: width_too_small width=3 min_width=28 x0=208 y0=72 band_h=15
[2026-03-12 00:05:14] [INFO] [Detector][Candidate] band#2 reject: width_too_small width=3 min_width=28 x0=212 y0=72 band_h=15
[2026-03-12 00:05:14] [INFO] [Detector][Candidate] band#2 reject: width_too_small width=2 min_width=28 x0=228 y0=72 band_h=15
[2026-03-12 00:05:14] [INFO] [Detector][Candidate] band#2 reject: width_too_small width=6 min_width=28 x0=234 y0=72 band_h=15
[2026-03-12 00:05:14] [INFO] [Detector][Candidate] band#2 reject: width_too_small width=2 min_width=28 x0=242 y0=72 band_h=15
[2026-03-12 00:05:14] [INFO] [Detector][Candidate] band#2 accept: x0=246 y0=72 width=29 band_h=15 score=0.5187 threshold=0.3000
[2026-03-12 00:05:14] [INFO] [Detector][Candidate] band#2 reject: width_too_small width=3 min_width=28 x0=279 y0=72 band_h=15
[2026-03-12 00:05:14] [INFO] [Detector][Candidate] band#2 reject: width_too_small width=3 min_width=28 x0=283 y0=72 band_h=15
[2026-03-12 00:05:14] [INFO] [Detector][Candidate] band#2 reject: width_too_small width=6 min_width=28 x0=288 y0=72 band_h=15
[2026-03-12 00:05:14] [INFO] [Detector][Candidate] band#2 reject: width_too_small width=5 min_width=28 x0=295 y0=72 band_h=15
[2026-03-12 00:05:14] [INFO] [Detector][Candidate] band#2 reject: width_too_small width=2 min_width=28 x0=301 y0=72 band_h=15
[2026-03-12 00:05:14] [INFO] [Detector][Candidate] band#2 reject: width_too_small width=6 min_width=28 x0=305 y0=72 band_h=15
[2026-03-12 00:05:14] [INFO] [Detector][Candidate] band#2 reject: width_too_small width=5 min_width=28 x0=313 y0=72 band_h=15
[2026-03-12 00:05:14] [INFO] [Detector][Candidate] band#2 reject: width_too_small width=20 min_width=28 x0=321 y0=72 band_h=15
[2026-03-12 00:05:14] [INFO] [Detector][Candidate] band#2 reject: width_too_small width=5 min_width=28 x0=342 y0=72 band_h=15
[2026-03-12 00:05:14] [INFO] [Detector][Candidate] band#2 reject: width_too_small width=2 min_width=28 x0=354 y0=72 band_h=15
[2026-03-12 00:05:14] [INFO] [Detector][Candidate] band#2 reject: width_too_small width=10 min_width=28 x0=359 y0=72 band_h=15
[2026-03-12 00:05:14] [INFO] [Detector][Candidate] band#2 reject: width_too_small width=2 min_width=28 x0=382 y0=72 band_h=15
[2026-03-12 00:05:14] [INFO] [Detector][Candidate] band#2 reject: width_too_small width=3 min_width=28 x0=386 y0=72 band_h=15
[2026-03-12 00:05:14] [INFO] [Detector][Candidate] band#2 reject: width_too_small width=9 min_width=28 x0=415 y0=72 band_h=15
[2026-03-12 00:05:14] [INFO] [Detector][Candidate] band#2 reject: width_too_small width=2 min_width=28 x0=426 y0=72 band_h=15
[2026-03-12 00:05:14] [INFO] [Detector][Candidate] band#2 reject: width_too_small width=3 min_width=28 x0=429 y0=72 band_h=15
[2026-03-12 00:05:14] [INFO] [Detector][Candidate] band#2 reject: width_too_small width=16 min_width=28 x0=433 y0=72 band_h=15
[2026-03-12 00:05:14] [INFO] [Detector][Candidate] band#2 reject: width_too_small width=9 min_width=28 x0=453 y0=72 band_h=15
[2026-03-12 00:05:14] [INFO] [Detector][Candidate] band#2 reject: width_too_small width=2 min_width=28 x0=463 y0=72 band_h=15
[2026-03-12 00:05:14] [INFO] [Detector][Candidate] band#2 reject: width_too_small width=2 min_width=28 x0=477 y0=72 band_h=15
[2026-03-12 00:05:14] [INFO] [Detector][Candidate] band#2 reject: width_too_small width=2 min_width=28 x0=480 y0=72 band_h=15
[2026-03-12 00:05:14] [INFO] [Detector][Candidate] band#2 reject: width_too_small width=2 min_width=28 x0=485 y0=72 band_h=15
[2026-03-12 00:05:14] [INFO] [Detector][Candidate] band#2 reject: width_too_small width=6 min_width=28 x0=531 y0=72 band_h=15
[2026-03-12 00:05:14] [INFO] [Detector][Candidate] band#2 reject: width_too_small width=2 min_width=28 x0=553 y0=72 band_h=15
[2026-03-12 00:05:14] [INFO] [Detector][Candidate] band#2 reject: width_too_small width=2 min_width=28 x0=556 y0=72 band_h=15
[2026-03-12 00:05:14] [INFO] [Detector][Candidate] band#2 reject: width_too_small width=3 min_width=28 x0=563 y0=72 band_h=15
[2026-03-12 00:05:14] [INFO] [Detector][Col] band#2 y0=72 y1=86 band_h=15 col_threshold=3 active_segments=42
[2026-03-12 00:05:14] [INFO] [Detector][Output] final_detection_count=1
[2026-03-12 00:05:14] [INFO] [Detector][Input] frame=576x88 bgra_bytes=202752 expected_bgra_bytes=202752
[2026-03-12 00:05:14] [INFO] [Detector][Params] input_threshold=0.6000 clamped_threshold=0.6000 grad_threshold=39 row_density_threshold=0.0920 min_band_height=8 max_band_height=29
[2026-03-12 00:05:14] [INFO] [Detector][Row] row_hits_stats min=0 max=574 mean=69.0114 hit_rows=86/88
[2026-03-12 00:05:14] [INFO] [Detector][Band] extracted_band_count=3
[2026-03-12 00:05:14] [INFO] [Detector][Band] band#0 y0=27 y1=35 height=9 mean_row_density=0.1376
[2026-03-12 00:05:14] [INFO] [Detector][Band] band#1 y0=37 y1=50 height=14 mean_row_density=0.1244
[2026-03-12 00:05:14] [INFO] [Detector][Band] band#2 y0=72 y1=86 height=15 mean_row_density=0.3511
[2026-03-12 00:05:14] [INFO] [Detector][Candidate] band#0 reject: width_too_small width=1 min_width=28 x0=1 y0=27 band_h=9
[2026-03-12 00:05:14] [INFO] [Detector][Candidate] band#0 reject: width_too_small width=2 min_width=28 x0=75 y0=27 band_h=9
[2026-03-12 00:05:14] [INFO] [Detector][Candidate] band#0 reject: width_too_small width=10 min_width=28 x0=88 y0=27 band_h=9
[2026-03-12 00:05:14] [INFO] [Detector][Candidate] band#0 reject: width_too_small width=2 min_width=28 x0=109 y0=27 band_h=9
[2026-03-12 00:05:14] [INFO] [Detector][Candidate] band#0 reject: width_too_small width=4 min_width=28 x0=113 y0=27 band_h=9
[2026-03-12 00:05:14] [INFO] [Detector][Candidate] band#0 reject: width_too_small width=5 min_width=28 x0=118 y0=27 band_h=9
[2026-03-12 00:05:14] [INFO] [Detector][Candidate] band#0 reject: width_too_small width=11 min_width=28 x0=125 y0=27 band_h=9
[2026-03-12 00:05:14] [INFO] [Detector][Candidate] band#0 reject: width_too_small width=5 min_width=28 x0=138 y0=27 band_h=9
[2026-03-12 00:05:14] [INFO] [Detector][Candidate] band#0 reject: width_too_small width=8 min_width=28 x0=144 y0=27 band_h=9
[2026-03-12 00:05:14] [INFO] [Detector][Candidate] band#0 reject: width_too_small width=5 min_width=28 x0=155 y0=27 band_h=9
[2026-03-12 00:05:14] [INFO] [Detector][Candidate] band#0 reject: width_too_small width=3 min_width=28 x0=163 y0=27 band_h=9
[2026-03-12 00:05:14] [INFO] [Detector][Candidate] band#0 reject: width_too_small width=2 min_width=28 x0=171 y0=27 band_h=9
[2026-03-12 00:05:14] [INFO] [Detector][Candidate] band#0 reject: width_too_small width=2 min_width=28 x0=174 y0=27 band_h=9
[2026-03-12 00:05:14] [INFO] [Detector][Candidate] band#0 reject: width_too_small width=4 min_width=28 x0=181 y0=27 band_h=9
[2026-03-12 00:05:14] [INFO] [Detector][Col] band#0 y0=27 y1=35 band_h=9 col_threshold=2 active_segments=14
[2026-03-12 00:05:14] [INFO] [Detector][Candidate] band#1 reject: width_too_small width=1 min_width=28 x0=1 y0=37 band_h=14
[2026-03-12 00:05:14] [INFO] [Detector][Candidate] band#1 reject: width_too_small width=2 min_width=28 x0=76 y0=37 band_h=14
[2026-03-12 00:05:14] [INFO] [Detector][Candidate] band#1 reject: width_too_small width=19 min_width=28 x0=79 y0=37 band_h=14
[2026-03-12 00:05:14] [INFO] [Detector][Candidate] band#1 reject: width_too_small width=5 min_width=28 x0=106 y0=37 band_h=14
[2026-03-12 00:05:14] [INFO] [Detector][Candidate] band#1 reject: width_too_small width=6 min_width=28 x0=117 y0=37 band_h=14
[2026-03-12 00:05:14] [INFO] [Detector][Candidate] band#1 reject: width_too_small width=3 min_width=28 x0=124 y0=37 band_h=14
[2026-03-12 00:05:14] [INFO] [Detector][Candidate] band#1 reject: width_too_small width=5 min_width=28 x0=128 y0=37 band_h=14
[2026-03-12 00:05:14] [INFO] [Detector][Candidate] band#1 reject: width_too_small width=2 min_width=28 x0=141 y0=37 band_h=14
[2026-03-12 00:05:14] [INFO] [Detector][Candidate] band#1 reject: width_too_small width=2 min_width=28 x0=144 y0=37 band_h=14
[2026-03-12 00:05:14] [INFO] [Detector][Candidate] band#1 reject: width_too_small width=19 min_width=28 x0=154 y0=37 band_h=14
[2026-03-12 00:05:14] [INFO] [Detector][Candidate] band#1 reject: width_too_small width=8 min_width=28 x0=174 y0=37 band_h=14
[2026-03-12 00:05:14] [INFO] [Detector][Candidate] band#1 reject: width_too_small width=3 min_width=28 x0=183 y0=37 band_h=14
[2026-03-12 00:05:14] [INFO] [Detector][Candidate] band#1 reject: width_too_small width=6 min_width=28 x0=187 y0=37 band_h=14
[2026-03-12 00:05:14] [INFO] [Detector][Candidate] band#1 reject: width_too_small width=7 min_width=28 x0=194 y0=37 band_h=14
[2026-03-12 00:05:14] [INFO] [Detector][Col] band#1 y0=37 y1=50 band_h=14 col_threshold=3 active_segments=14
[2026-03-12 00:05:14] [INFO] [Detector][Candidate] band#2 reject: width_too_small width=1 min_width=28 x0=1 y0=72 band_h=15
[2026-03-12 00:05:14] [INFO] [Detector][Candidate] band#2 reject: width_too_small width=13 min_width=28 x0=76 y0=72 band_h=15
[2026-03-12 00:05:14] [INFO] [Detector][Candidate] band#2 reject: width_too_small width=17 min_width=28 x0=91 y0=72 band_h=15
[2026-03-12 00:05:14] [INFO] [Detector][Candidate] band#2 reject: width_too_small width=1 min_width=28 x0=109 y0=72 band_h=15
[2026-03-12 00:05:14] [INFO] [Detector][Candidate] band#2 reject: width_too_small width=4 min_width=28 x0=114 y0=72 band_h=15
[2026-03-12 00:05:14] [INFO] [Detector][Candidate] band#2 reject: width_too_small width=7 min_width=28 x0=123 y0=72 band_h=15
[2026-03-12 00:05:14] [INFO] [Detector][Candidate] band#2 reject: width_too_small width=12 min_width=28 x0=133 y0=72 band_h=15
[2026-03-12 00:05:14] [INFO] [Detector][Candidate] band#2 reject: width_too_small width=19 min_width=28 x0=147 y0=72 band_h=15
[2026-03-12 00:05:14] [INFO] [Detector][Candidate] band#2 reject: width_too_small width=1 min_width=28 x0=167 y0=72 band_h=15
[2026-03-12 00:05:14] [INFO] [Detector][Candidate] band#2 reject: width_too_small width=11 min_width=28 x0=195 y0=72 band_h=15
[2026-03-12 00:05:14] [INFO] [Detector][Candidate] band#2 reject: width_too_small width=3 min_width=28 x0=208 y0=72 band_h=15
[2026-03-12 00:05:14] [INFO] [Detector][Candidate] band#2 reject: width_too_small width=3 min_width=28 x0=212 y0=72 band_h=15
[2026-03-12 00:05:14] [INFO] [Detector][Candidate] band#2 reject: width_too_small width=2 min_width=28 x0=228 y0=72 band_h=15
[2026-03-12 00:05:14] [INFO] [Detector][Candidate] band#2 reject: width_too_small width=6 min_width=28 x0=234 y0=72 band_h=15
[2026-03-12 00:05:14] [INFO] [Detector][Candidate] band#2 reject: width_too_small width=2 min_width=28 x0=242 y0=72 band_h=15
[2026-03-12 00:05:14] [INFO] [Detector][Candidate] band#2 accept: x0=246 y0=72 width=29 band_h=15 score=0.5187 threshold=0.3000
[2026-03-12 00:05:14] [INFO] [Detector][Candidate] band#2 reject: width_too_small width=3 min_width=28 x0=279 y0=72 band_h=15
[2026-03-12 00:05:14] [INFO] [Detector][Candidate] band#2 reject: width_too_small width=3 min_width=28 x0=283 y0=72 band_h=15
[2026-03-12 00:05:14] [INFO] [Detector][Candidate] band#2 reject: width_too_small width=6 min_width=28 x0=288 y0=72 band_h=15
[2026-03-12 00:05:14] [INFO] [Detector][Candidate] band#2 reject: width_too_small width=5 min_width=28 x0=295 y0=72 band_h=15
[2026-03-12 00:05:14] [INFO] [Detector][Candidate] band#2 reject: width_too_small width=2 min_width=28 x0=301 y0=72 band_h=15
[2026-03-12 00:05:14] [INFO] [Detector][Candidate] band#2 reject: width_too_small width=6 min_width=28 x0=305 y0=72 band_h=15
[2026-03-12 00:05:14] [INFO] [Detector][Candidate] band#2 reject: width_too_small width=5 min_width=28 x0=313 y0=72 band_h=15
[2026-03-12 00:05:14] [INFO] [Detector][Candidate] band#2 reject: width_too_small width=20 min_width=28 x0=321 y0=72 band_h=15
[2026-03-12 00:05:14] [INFO] [Detector][Candidate] band#2 reject: width_too_small width=5 min_width=28 x0=342 y0=72 band_h=15
[2026-03-12 00:05:14] [INFO] [Detector][Candidate] band#2 reject: width_too_small width=2 min_width=28 x0=354 y0=72 band_h=15
[2026-03-12 00:05:14] [INFO] [Detector][Candidate] band#2 reject: width_too_small width=10 min_width=28 x0=359 y0=72 band_h=15
[2026-03-12 00:05:14] [INFO] [Detector][Candidate] band#2 reject: width_too_small width=2 min_width=28 x0=382 y0=72 band_h=15
[2026-03-12 00:05:14] [INFO] [Detector][Candidate] band#2 reject: width_too_small width=3 min_width=28 x0=386 y0=72 band_h=15
[2026-03-12 00:05:14] [INFO] [Detector][Candidate] band#2 reject: width_too_small width=9 min_width=28 x0=415 y0=72 band_h=15
[2026-03-12 00:05:14] [INFO] [Detector][Candidate] band#2 reject: width_too_small width=2 min_width=28 x0=426 y0=72 band_h=15
[2026-03-12 00:05:14] [INFO] [Detector][Candidate] band#2 reject: width_too_small width=3 min_width=28 x0=429 y0=72 band_h=15
[2026-03-12 00:05:14] [INFO] [Detector][Candidate] band#2 reject: width_too_small width=16 min_width=28 x0=433 y0=72 band_h=15
[2026-03-12 00:05:14] [INFO] [Detector][Candidate] band#2 reject: width_too_small width=9 min_width=28 x0=453 y0=72 band_h=15
[2026-03-12 00:05:14] [INFO] [Detector][Candidate] band#2 reject: width_too_small width=2 min_width=28 x0=463 y0=72 band_h=15
[2026-03-12 00:05:14] [INFO] [Detector][Candidate] band#2 reject: width_too_small width=2 min_width=28 x0=477 y0=72 band_h=15
[2026-03-12 00:05:14] [INFO] [Detector][Candidate] band#2 reject: width_too_small width=2 min_width=28 x0=480 y0=72 band_h=15
[2026-03-12 00:05:14] [INFO] [Detector][Candidate] band#2 reject: width_too_small width=2 min_width=28 x0=485 y0=72 band_h=15
[2026-03-12 00:05:14] [INFO] [Detector][Candidate] band#2 reject: width_too_small width=6 min_width=28 x0=531 y0=72 band_h=15
[2026-03-12 00:05:14] [INFO] [Detector][Candidate] band#2 reject: width_too_small width=2 min_width=28 x0=553 y0=72 band_h=15
[2026-03-12 00:05:14] [INFO] [Detector][Candidate] band#2 reject: width_too_small width=2 min_width=28 x0=556 y0=72 band_h=15
[2026-03-12 00:05:14] [INFO] [Detector][Candidate] band#2 reject: width_too_small width=3 min_width=28 x0=563 y0=72 band_h=15
[2026-03-12 00:05:14] [INFO] [Detector][Col] band#2 y0=72 y1=86 band_h=15 col_threshold=3 active_segments=42
[2026-03-12 00:05:14] [INFO] [Detector][Output] final_detection_count=1
[2026-03-12 00:05:15] [INFO] [Detector][Input] frame=576x88 bgra_bytes=202752 expected_bgra_bytes=202752
[2026-03-12 00:05:15] [INFO] [Detector][Params] input_threshold=0.6000 clamped_threshold=0.6000 grad_threshold=39 row_density_threshold=0.0920 min_band_height=8 max_band_height=29
[2026-03-12 00:05:15] [INFO] [Detector][Row] row_hits_stats min=0 max=574 mean=69.0114 hit_rows=86/88
[2026-03-12 00:05:15] [INFO] [Detector][Band] extracted_band_count=3
[2026-03-12 00:05:15] [INFO] [Detector][Band] band#0 y0=27 y1=35 height=9 mean_row_density=0.1376
[2026-03-12 00:05:15] [INFO] [Detector][Band] band#1 y0=37 y1=50 height=14 mean_row_density=0.1244
[2026-03-12 00:05:15] [INFO] [Detector][Band] band#2 y0=72 y1=86 height=15 mean_row_density=0.3511
[2026-03-12 00:05:15] [INFO] [Detector][Candidate] band#0 reject: width_too_small width=1 min_width=28 x0=1 y0=27 band_h=9
[2026-03-12 00:05:15] [INFO] [Detector][Candidate] band#0 reject: width_too_small width=2 min_width=28 x0=75 y0=27 band_h=9
[2026-03-12 00:05:15] [INFO] [Detector][Candidate] band#0 reject: width_too_small width=10 min_width=28 x0=88 y0=27 band_h=9
[2026-03-12 00:05:15] [INFO] [Detector][Candidate] band#0 reject: width_too_small width=2 min_width=28 x0=109 y0=27 band_h=9
[2026-03-12 00:05:15] [INFO] [Detector][Candidate] band#0 reject: width_too_small width=4 min_width=28 x0=113 y0=27 band_h=9
[2026-03-12 00:05:15] [INFO] [Detector][Candidate] band#0 reject: width_too_small width=5 min_width=28 x0=118 y0=27 band_h=9
[2026-03-12 00:05:15] [INFO] [Detector][Candidate] band#0 reject: width_too_small width=11 min_width=28 x0=125 y0=27 band_h=9
[2026-03-12 00:05:15] [INFO] [Detector][Candidate] band#0 reject: width_too_small width=5 min_width=28 x0=138 y0=27 band_h=9
[2026-03-12 00:05:15] [INFO] [Detector][Candidate] band#0 reject: width_too_small width=8 min_width=28 x0=144 y0=27 band_h=9
[2026-03-12 00:05:15] [INFO] [Detector][Candidate] band#0 reject: width_too_small width=5 min_width=28 x0=155 y0=27 band_h=9
[2026-03-12 00:05:15] [INFO] [Detector][Candidate] band#0 reject: width_too_small width=3 min_width=28 x0=163 y0=27 band_h=9
[2026-03-12 00:05:15] [INFO] [Detector][Candidate] band#0 reject: width_too_small width=2 min_width=28 x0=171 y0=27 band_h=9
[2026-03-12 00:05:15] [INFO] [Detector][Candidate] band#0 reject: width_too_small width=2 min_width=28 x0=174 y0=27 band_h=9
[2026-03-12 00:05:15] [INFO] [Detector][Candidate] band#0 reject: width_too_small width=4 min_width=28 x0=181 y0=27 band_h=9
[2026-03-12 00:05:15] [INFO] [Detector][Col] band#0 y0=27 y1=35 band_h=9 col_threshold=2 active_segments=14
[2026-03-12 00:05:15] [INFO] [Detector][Candidate] band#1 reject: width_too_small width=1 min_width=28 x0=1 y0=37 band_h=14
[2026-03-12 00:05:15] [INFO] [Detector][Candidate] band#1 reject: width_too_small width=2 min_width=28 x0=76 y0=37 band_h=14
[2026-03-12 00:05:15] [INFO] [Detector][Candidate] band#1 reject: width_too_small width=19 min_width=28 x0=79 y0=37 band_h=14
[2026-03-12 00:05:15] [INFO] [Detector][Candidate] band#1 reject: width_too_small width=5 min_width=28 x0=106 y0=37 band_h=14
[2026-03-12 00:05:15] [INFO] [Detector][Candidate] band#1 reject: width_too_small width=6 min_width=28 x0=117 y0=37 band_h=14
[2026-03-12 00:05:15] [INFO] [Detector][Candidate] band#1 reject: width_too_small width=3 min_width=28 x0=124 y0=37 band_h=14
[2026-03-12 00:05:15] [INFO] [Detector][Candidate] band#1 reject: width_too_small width=5 min_width=28 x0=128 y0=37 band_h=14
[2026-03-12 00:05:15] [INFO] [Detector][Candidate] band#1 reject: width_too_small width=2 min_width=28 x0=141 y0=37 band_h=14
[2026-03-12 00:05:15] [INFO] [Detector][Candidate] band#1 reject: width_too_small width=2 min_width=28 x0=144 y0=37 band_h=14
[2026-03-12 00:05:15] [INFO] [Detector][Candidate] band#1 reject: width_too_small width=19 min_width=28 x0=154 y0=37 band_h=14
[2026-03-12 00:05:15] [INFO] [Detector][Candidate] band#1 reject: width_too_small width=8 min_width=28 x0=174 y0=37 band_h=14
[2026-03-12 00:05:15] [INFO] [Detector][Candidate] band#1 reject: width_too_small width=3 min_width=28 x0=183 y0=37 band_h=14
[2026-03-12 00:05:15] [INFO] [Detector][Candidate] band#1 reject: width_too_small width=6 min_width=28 x0=187 y0=37 band_h=14
[2026-03-12 00:05:15] [INFO] [Detector][Candidate] band#1 reject: width_too_small width=7 min_width=28 x0=194 y0=37 band_h=14
[2026-03-12 00:05:15] [INFO] [Detector][Col] band#1 y0=37 y1=50 band_h=14 col_threshold=3 active_segments=14
[2026-03-12 00:05:15] [INFO] [Detector][Candidate] band#2 reject: width_too_small width=1 min_width=28 x0=1 y0=72 band_h=15
[2026-03-12 00:05:15] [INFO] [Detector][Candidate] band#2 reject: width_too_small width=13 min_width=28 x0=76 y0=72 band_h=15
[2026-03-12 00:05:15] [INFO] [Detector][Candidate] band#2 reject: width_too_small width=17 min_width=28 x0=91 y0=72 band_h=15
[2026-03-12 00:05:15] [INFO] [Detector][Candidate] band#2 reject: width_too_small width=1 min_width=28 x0=109 y0=72 band_h=15
[2026-03-12 00:05:15] [INFO] [Detector][Candidate] band#2 reject: width_too_small width=4 min_width=28 x0=114 y0=72 band_h=15
[2026-03-12 00:05:15] [INFO] [Detector][Candidate] band#2 reject: width_too_small width=7 min_width=28 x0=123 y0=72 band_h=15
[2026-03-12 00:05:15] [INFO] [Detector][Candidate] band#2 reject: width_too_small width=12 min_width=28 x0=133 y0=72 band_h=15
[2026-03-12 00:05:15] [INFO] [Detector][Candidate] band#2 reject: width_too_small width=19 min_width=28 x0=147 y0=72 band_h=15
[2026-03-12 00:05:15] [INFO] [Detector][Candidate] band#2 reject: width_too_small width=1 min_width=28 x0=167 y0=72 band_h=15
[2026-03-12 00:05:15] [INFO] [Detector][Candidate] band#2 reject: width_too_small width=11 min_width=28 x0=195 y0=72 band_h=15
[2026-03-12 00:05:15] [INFO] [Detector][Candidate] band#2 reject: width_too_small width=3 min_width=28 x0=208 y0=72 band_h=15
[2026-03-12 00:05:15] [INFO] [Detector][Candidate] band#2 reject: width_too_small width=3 min_width=28 x0=212 y0=72 band_h=15
[2026-03-12 00:05:15] [INFO] [Detector][Candidate] band#2 reject: width_too_small width=2 min_width=28 x0=228 y0=72 band_h=15
[2026-03-12 00:05:15] [INFO] [Detector][Candidate] band#2 reject: width_too_small width=6 min_width=28 x0=234 y0=72 band_h=15
[2026-03-12 00:05:15] [INFO] [Detector][Candidate] band#2 reject: width_too_small width=2 min_width=28 x0=242 y0=72 band_h=15
[2026-03-12 00:05:15] [INFO] [Detector][Candidate] band#2 accept: x0=246 y0=72 width=29 band_h=15 score=0.5187 threshold=0.3000
[2026-03-12 00:05:15] [INFO] [Detector][Candidate] band#2 reject: width_too_small width=3 min_width=28 x0=279 y0=72 band_h=15
[2026-03-12 00:05:15] [INFO] [Detector][Candidate] band#2 reject: width_too_small width=3 min_width=28 x0=283 y0=72 band_h=15
[2026-03-12 00:05:15] [INFO] [Detector][Candidate] band#2 reject: width_too_small width=6 min_width=28 x0=288 y0=72 band_h=15
[2026-03-12 00:05:15] [INFO] [Detector][Candidate] band#2 reject: width_too_small width=5 min_width=28 x0=295 y0=72 band_h=15
[2026-03-12 00:05:15] [INFO] [Detector][Candidate] band#2 reject: width_too_small width=2 min_width=28 x0=301 y0=72 band_h=15
[2026-03-12 00:05:15] [INFO] [Detector][Candidate] band#2 reject: width_too_small width=6 min_width=28 x0=305 y0=72 band_h=15
[2026-03-12 00:05:15] [INFO] [Detector][Candidate] band#2 reject: width_too_small width=5 min_width=28 x0=313 y0=72 band_h=15
[2026-03-12 00:05:15] [INFO] [Detector][Candidate] band#2 reject: width_too_small width=20 min_width=28 x0=321 y0=72 band_h=15
[2026-03-12 00:05:15] [INFO] [Detector][Candidate] band#2 reject: width_too_small width=5 min_width=28 x0=342 y0=72 band_h=15
[2026-03-12 00:05:15] [INFO] [Detector][Candidate] band#2 reject: width_too_small width=2 min_width=28 x0=354 y0=72 band_h=15
[2026-03-12 00:05:15] [INFO] [Detector][Candidate] band#2 reject: width_too_small width=10 min_width=28 x0=359 y0=72 band_h=15
[2026-03-12 00:05:15] [INFO] [Detector][Candidate] band#2 reject: width_too_small width=2 min_width=28 x0=382 y0=72 band_h=15
[2026-03-12 00:05:15] [INFO] [Detector][Candidate] band#2 reject: width_too_small width=3 min_width=28 x0=386 y0=72 band_h=15
[2026-03-12 00:05:15] [INFO] [Detector][Candidate] band#2 reject: width_too_small width=9 min_width=28 x0=415 y0=72 band_h=15
[2026-03-12 00:05:15] [INFO] [Detector][Candidate] band#2 reject: width_too_small width=2 min_width=28 x0=426 y0=72 band_h=15
[2026-03-12 00:05:15] [INFO] [Detector][Candidate] band#2 reject: width_too_small width=3 min_width=28 x0=429 y0=72 band_h=15
[2026-03-12 00:05:15] [INFO] [Detector][Candidate] band#2 reject: width_too_small width=16 min_width=28 x0=433 y0=72 band_h=15
[2026-03-12 00:05:15] [INFO] [Detector][Candidate] band#2 reject: width_too_small width=9 min_width=28 x0=453 y0=72 band_h=15
[2026-03-12 00:05:15] [INFO] [Detector][Candidate] band#2 reject: width_too_small width=2 min_width=28 x0=463 y0=72 band_h=15
[2026-03-12 00:05:15] [INFO] [Detector][Candidate] band#2 reject: width_too_small width=2 min_width=28 x0=477 y0=72 band_h=15
[2026-03-12 00:05:15] [INFO] [Detector][Candidate] band#2 reject: width_too_small width=2 min_width=28 x0=480 y0=72 band_h=15
[2026-03-12 00:05:15] [INFO] [Detector][Candidate] band#2 reject: width_too_small width=2 min_width=28 x0=485 y0=72 band_h=15
[2026-03-12 00:05:15] [INFO] [Detector][Candidate] band#2 reject: width_too_small width=6 min_width=28 x0=531 y0=72 band_h=15
[2026-03-12 00:05:15] [INFO] [Detector][Candidate] band#2 reject: width_too_small width=2 min_width=28 x0=553 y0=72 band_h=15
[2026-03-12 00:05:15] [INFO] [Detector][Candidate] band#2 reject: width_too_small width=2 min_width=28 x0=556 y0=72 band_h=15
[2026-03-12 00:05:15] [INFO] [Detector][Candidate] band#2 reject: width_too_small width=3 min_width=28 x0=563 y0=72 band_h=15
[2026-03-12 00:05:15] [INFO] [Detector][Col] band#2 y0=72 y1=86 band_h=15 col_threshold=3 active_segments=42
[2026-03-12 00:05:15] [INFO] [Detector][Output] final_detection_count=1
[2026-03-12 00:05:15] [INFO] [Detector][Input] frame=576x88 bgra_bytes=202752 expected_bgra_bytes=202752
[2026-03-12 00:05:15] [INFO] [Detector][Params] input_threshold=0.6000 clamped_threshold=0.6000 grad_threshold=39 row_density_threshold=0.0920 min_band_height=8 max_band_height=29
[2026-03-12 00:05:15] [INFO] [Detector][Row] row_hits_stats min=0 max=574 mean=69.0114 hit_rows=86/88
[2026-03-12 00:05:15] [INFO] [Detector][Band] extracted_band_count=3
[2026-03-12 00:05:15] [INFO] [Detector][Band] band#0 y0=27 y1=35 height=9 mean_row_density=0.1376
[2026-03-12 00:05:15] [INFO] [Detector][Band] band#1 y0=37 y1=50 height=14 mean_row_density=0.1244
[2026-03-12 00:05:15] [INFO] [Detector][Band] band#2 y0=72 y1=86 height=15 mean_row_density=0.3511
[2026-03-12 00:05:15] [INFO] [Detector][Candidate] band#0 reject: width_too_small width=1 min_width=28 x0=1 y0=27 band_h=9
[2026-03-12 00:05:15] [INFO] [Detector][Candidate] band#0 reject: width_too_small width=2 min_width=28 x0=75 y0=27 band_h=9
[2026-03-12 00:05:15] [INFO] [Detector][Candidate] band#0 reject: width_too_small width=10 min_width=28 x0=88 y0=27 band_h=9
[2026-03-12 00:05:15] [INFO] [Detector][Candidate] band#0 reject: width_too_small width=2 min_width=28 x0=109 y0=27 band_h=9
[2026-03-12 00:05:15] [INFO] [Detector][Candidate] band#0 reject: width_too_small width=4 min_width=28 x0=113 y0=27 band_h=9
[2026-03-12 00:05:15] [INFO] [Detector][Candidate] band#0 reject: width_too_small width=5 min_width=28 x0=118 y0=27 band_h=9
[2026-03-12 00:05:15] [INFO] [Detector][Candidate] band#0 reject: width_too_small width=11 min_width=28 x0=125 y0=27 band_h=9
[2026-03-12 00:05:15] [INFO] [Detector][Candidate] band#0 reject: width_too_small width=5 min_width=28 x0=138 y0=27 band_h=9
[2026-03-12 00:05:15] [INFO] [Detector][Candidate] band#0 reject: width_too_small width=8 min_width=28 x0=144 y0=27 band_h=9
[2026-03-12 00:05:15] [INFO] [Detector][Candidate] band#0 reject: width_too_small width=5 min_width=28 x0=155 y0=27 band_h=9
[2026-03-12 00:05:15] [INFO] [Detector][Candidate] band#0 reject: width_too_small width=3 min_width=28 x0=163 y0=27 band_h=9
[2026-03-12 00:05:15] [INFO] [Detector][Candidate] band#0 reject: width_too_small width=2 min_width=28 x0=171 y0=27 band_h=9
[2026-03-12 00:05:15] [INFO] [Detector][Candidate] band#0 reject: width_too_small width=2 min_width=28 x0=174 y0=27 band_h=9
[2026-03-12 00:05:15] [INFO] [Detector][Candidate] band#0 reject: width_too_small width=4 min_width=28 x0=181 y0=27 band_h=9
[2026-03-12 00:05:15] [INFO] [Detector][Col] band#0 y0=27 y1=35 band_h=9 col_threshold=2 active_segments=14
[2026-03-12 00:05:15] [INFO] [Detector][Candidate] band#1 reject: width_too_small width=1 min_width=28 x0=1 y0=37 band_h=14
[2026-03-12 00:05:15] [INFO] [Detector][Candidate] band#1 reject: width_too_small width=2 min_width=28 x0=76 y0=37 band_h=14
[2026-03-12 00:05:15] [INFO] [Detector][Candidate] band#1 reject: width_too_small width=19 min_width=28 x0=79 y0=37 band_h=14
[2026-03-12 00:05:15] [INFO] [Detector][Candidate] band#1 reject: width_too_small width=5 min_width=28 x0=106 y0=37 band_h=14
[2026-03-12 00:05:15] [INFO] [Detector][Candidate] band#1 reject: width_too_small width=6 min_width=28 x0=117 y0=37 band_h=14
[2026-03-12 00:05:15] [INFO] [Detector][Candidate] band#1 reject: width_too_small width=3 min_width=28 x0=124 y0=37 band_h=14
[2026-03-12 00:05:15] [INFO] [Detector][Candidate] band#1 reject: width_too_small width=5 min_width=28 x0=128 y0=37 band_h=14
[2026-03-12 00:05:15] [INFO] [Detector][Candidate] band#1 reject: width_too_small width=2 min_width=28 x0=141 y0=37 band_h=14
[2026-03-12 00:05:15] [INFO] [Detector][Candidate] band#1 reject: width_too_small width=2 min_width=28 x0=144 y0=37 band_h=14
[2026-03-12 00:05:15] [INFO] [Detector][Candidate] band#1 reject: width_too_small width=19 min_width=28 x0=154 y0=37 band_h=14
[2026-03-12 00:05:15] [INFO] [Detector][Candidate] band#1 reject: width_too_small width=8 min_width=28 x0=174 y0=37 band_h=14
[2026-03-12 00:05:15] [INFO] [Detector][Candidate] band#1 reject: width_too_small width=3 min_width=28 x0=183 y0=37 band_h=14
[2026-03-12 00:05:15] [INFO] [Detector][Candidate] band#1 reject: width_too_small width=6 min_width=28 x0=187 y0=37 band_h=14
[2026-03-12 00:05:15] [INFO] [Detector][Candidate] band#1 reject: width_too_small width=7 min_width=28 x0=194 y0=37 band_h=14
[2026-03-12 00:05:15] [INFO] [Detector][Col] band#1 y0=37 y1=50 band_h=14 col_threshold=3 active_segments=14
[2026-03-12 00:05:15] [INFO] [Detector][Candidate] band#2 reject: width_too_small width=1 min_width=28 x0=1 y0=72 band_h=15
[2026-03-12 00:05:15] [INFO] [Detector][Candidate] band#2 reject: width_too_small width=13 min_width=28 x0=76 y0=72 band_h=15
[2026-03-12 00:05:15] [INFO] [Detector][Candidate] band#2 reject: width_too_small width=17 min_width=28 x0=91 y0=72 band_h=15
[2026-03-12 00:05:15] [INFO] [Detector][Candidate] band#2 reject: width_too_small width=1 min_width=28 x0=109 y0=72 band_h=15
[2026-03-12 00:05:15] [INFO] [Detector][Candidate] band#2 reject: width_too_small width=4 min_width=28 x0=114 y0=72 band_h=15
[2026-03-12 00:05:15] [INFO] [Detector][Candidate] band#2 reject: width_too_small width=7 min_width=28 x0=123 y0=72 band_h=15
[2026-03-12 00:05:15] [INFO] [Detector][Candidate] band#2 reject: width_too_small width=12 min_width=28 x0=133 y0=72 band_h=15
[2026-03-12 00:05:15] [INFO] [Detector][Candidate] band#2 reject: width_too_small width=19 min_width=28 x0=147 y0=72 band_h=15
[2026-03-12 00:05:15] [INFO] [Detector][Candidate] band#2 reject: width_too_small width=1 min_width=28 x0=167 y0=72 band_h=15
[2026-03-12 00:05:15] [INFO] [Detector][Candidate] band#2 reject: width_too_small width=11 min_width=28 x0=195 y0=72 band_h=15
[2026-03-12 00:05:15] [INFO] [Detector][Candidate] band#2 reject: width_too_small width=3 min_width=28 x0=208 y0=72 band_h=15
[2026-03-12 00:05:15] [INFO] [Detector][Candidate] band#2 reject: width_too_small width=3 min_width=28 x0=212 y0=72 band_h=15
[2026-03-12 00:05:15] [INFO] [Detector][Candidate] band#2 reject: width_too_small width=2 min_width=28 x0=228 y0=72 band_h=15
[2026-03-12 00:05:15] [INFO] [Detector][Candidate] band#2 reject: width_too_small width=6 min_width=28 x0=234 y0=72 band_h=15
[2026-03-12 00:05:15] [INFO] [Detector][Candidate] band#2 reject: width_too_small width=2 min_width=28 x0=242 y0=72 band_h=15
[2026-03-12 00:05:15] [INFO] [Detector][Candidate] band#2 accept: x0=246 y0=72 width=29 band_h=15 score=0.5187 threshold=0.3000
[2026-03-12 00:05:15] [INFO] [Detector][Candidate] band#2 reject: width_too_small width=3 min_width=28 x0=279 y0=72 band_h=15
[2026-03-12 00:05:15] [INFO] [Detector][Candidate] band#2 reject: width_too_small width=3 min_width=28 x0=283 y0=72 band_h=15
[2026-03-12 00:05:15] [INFO] [Detector][Candidate] band#2 reject: width_too_small width=6 min_width=28 x0=288 y0=72 band_h=15
[2026-03-12 00:05:15] [INFO] [Detector][Candidate] band#2 reject: width_too_small width=5 min_width=28 x0=295 y0=72 band_h=15
[2026-03-12 00:05:15] [INFO] [Detector][Candidate] band#2 reject: width_too_small width=2 min_width=28 x0=301 y0=72 band_h=15
[2026-03-12 00:05:15] [INFO] [Detector][Candidate] band#2 reject: width_too_small width=6 min_width=28 x0=305 y0=72 band_h=15
[2026-03-12 00:05:15] [INFO] [Detector][Candidate] band#2 reject: width_too_small width=5 min_width=28 x0=313 y0=72 band_h=15
[2026-03-12 00:05:15] [INFO] [Detector][Candidate] band#2 reject: width_too_small width=20 min_width=28 x0=321 y0=72 band_h=15
[2026-03-12 00:05:15] [INFO] [Detector][Candidate] band#2 reject: width_too_small width=5 min_width=28 x0=342 y0=72 band_h=15
[2026-03-12 00:05:15] [INFO] [Detector][Candidate] band#2 reject: width_too_small width=2 min_width=28 x0=354 y0=72 band_h=15
[2026-03-12 00:05:15] [INFO] [Detector][Candidate] band#2 reject: width_too_small width=10 min_width=28 x0=359 y0=72 band_h=15
[2026-03-12 00:05:15] [INFO] [Detector][Candidate] band#2 reject: width_too_small width=2 min_width=28 x0=382 y0=72 band_h=15
[2026-03-12 00:05:15] [INFO] [Detector][Candidate] band#2 reject: width_too_small width=3 min_width=28 x0=386 y0=72 band_h=15
[2026-03-12 00:05:15] [INFO] [Detector][Candidate] band#2 reject: width_too_small width=9 min_width=28 x0=415 y0=72 band_h=15
[2026-03-12 00:05:15] [INFO] [Detector][Candidate] band#2 reject: width_too_small width=2 min_width=28 x0=426 y0=72 band_h=15
[2026-03-12 00:05:15] [INFO] [Detector][Candidate] band#2 reject: width_too_small width=3 min_width=28 x0=429 y0=72 band_h=15
[2026-03-12 00:05:15] [INFO] [Detector][Candidate] band#2 reject: width_too_small width=16 min_width=28 x0=433 y0=72 band_h=15
[2026-03-12 00:05:15] [INFO] [Detector][Candidate] band#2 reject: width_too_small width=9 min_width=28 x0=453 y0=72 band_h=15
[2026-03-12 00:05:15] [INFO] [Detector][Candidate] band#2 reject: width_too_small width=2 min_width=28 x0=463 y0=72 band_h=15
[2026-03-12 00:05:15] [INFO] [Detector][Candidate] band#2 reject: width_too_small width=2 min_width=28 x0=477 y0=72 band_h=15
[2026-03-12 00:05:15] [INFO] [Detector][Candidate] band#2 reject: width_too_small width=2 min_width=28 x0=480 y0=72 band_h=15
[2026-03-12 00:05:15] [INFO] [Detector][Candidate] band#2 reject: width_too_small width=2 min_width=28 x0=485 y0=72 band_h=15
[2026-03-12 00:05:15] [INFO] [Detector][Candidate] band#2 reject: width_too_small width=6 min_width=28 x0=531 y0=72 band_h=15
[2026-03-12 00:05:15] [INFO] [Detector][Candidate] band#2 reject: width_too_small width=2 min_width=28 x0=553 y0=72 band_h=15
[2026-03-12 00:05:15] [INFO] [Detector][Candidate] band#2 reject: width_too_small width=2 min_width=28 x0=556 y0=72 band_h=15
[2026-03-12 00:05:15] [INFO] [Detector][Candidate] band#2 reject: width_too_small width=3 min_width=28 x0=563 y0=72 band_h=15
[2026-03-12 00:05:15] [INFO] [Detector][Col] band#2 y0=72 y1=86 band_h=15 col_threshold=3 active_segments=42
[2026-03-12 00:05:15] [INFO] [Detector][Output] final_detection_count=1
[2026-03-12 00:05:15] [INFO] [Detector][Input] frame=576x88 bgra_bytes=202752 expected_bgra_bytes=202752
[2026-03-12 00:05:15] [INFO] [Detector][Params] input_threshold=0.6000 clamped_threshold=0.6000 grad_threshold=39 row_density_threshold=0.0920 min_band_height=8 max_band_height=29
[2026-03-12 00:05:15] [INFO] [Detector][Row] row_hits_stats min=0 max=574 mean=69.0114 hit_rows=86/88
[2026-03-12 00:05:15] [INFO] [Detector][Band] extracted_band_count=3
[2026-03-12 00:05:15] [INFO] [Detector][Band] band#0 y0=27 y1=35 height=9 mean_row_density=0.1376
[2026-03-12 00:05:15] [INFO] [Detector][Band] band#1 y0=37 y1=50 height=14 mean_row_density=0.1244
[2026-03-12 00:05:15] [INFO] [Detector][Band] band#2 y0=72 y1=86 height=15 mean_row_density=0.3511
[2026-03-12 00:05:15] [INFO] [Detector][Candidate] band#0 reject: width_too_small width=1 min_width=28 x0=1 y0=27 band_h=9
[2026-03-12 00:05:15] [INFO] [Detector][Candidate] band#0 reject: width_too_small width=2 min_width=28 x0=75 y0=27 band_h=9
[2026-03-12 00:05:15] [INFO] [Detector][Candidate] band#0 reject: width_too_small width=10 min_width=28 x0=88 y0=27 band_h=9
[2026-03-12 00:05:15] [INFO] [Detector][Candidate] band#0 reject: width_too_small width=2 min_width=28 x0=109 y0=27 band_h=9
[2026-03-12 00:05:15] [INFO] [Detector][Candidate] band#0 reject: width_too_small width=4 min_width=28 x0=113 y0=27 band_h=9
[2026-03-12 00:05:15] [INFO] [Detector][Candidate] band#0 reject: width_too_small width=5 min_width=28 x0=118 y0=27 band_h=9
[2026-03-12 00:05:15] [INFO] [Detector][Candidate] band#0 reject: width_too_small width=11 min_width=28 x0=125 y0=27 band_h=9
[2026-03-12 00:05:15] [INFO] [Detector][Candidate] band#0 reject: width_too_small width=5 min_width=28 x0=138 y0=27 band_h=9
[2026-03-12 00:05:15] [INFO] [Detector][Candidate] band#0 reject: width_too_small width=8 min_width=28 x0=144 y0=27 band_h=9
[2026-03-12 00:05:15] [INFO] [Detector][Candidate] band#0 reject: width_too_small width=5 min_width=28 x0=155 y0=27 band_h=9
[2026-03-12 00:05:15] [INFO] [Detector][Candidate] band#0 reject: width_too_small width=3 min_width=28 x0=163 y0=27 band_h=9
[2026-03-12 00:05:15] [INFO] [Detector][Candidate] band#0 reject: width_too_small width=2 min_width=28 x0=171 y0=27 band_h=9
[2026-03-12 00:05:15] [INFO] [Detector][Candidate] band#0 reject: width_too_small width=2 min_width=28 x0=174 y0=27 band_h=9
[2026-03-12 00:05:15] [INFO] [Detector][Candidate] band#0 reject: width_too_small width=4 min_width=28 x0=181 y0=27 band_h=9
[2026-03-12 00:05:15] [INFO] [Detector][Col] band#0 y0=27 y1=35 band_h=9 col_threshold=2 active_segments=14
[2026-03-12 00:05:15] [INFO] [Detector][Candidate] band#1 reject: width_too_small width=1 min_width=28 x0=1 y0=37 band_h=14
[2026-03-12 00:05:15] [INFO] [Detector][Candidate] band#1 reject: width_too_small width=2 min_width=28 x0=76 y0=37 band_h=14
[2026-03-12 00:05:15] [INFO] [Detector][Candidate] band#1 reject: width_too_small width=19 min_width=28 x0=79 y0=37 band_h=14
[2026-03-12 00:05:15] [INFO] [Detector][Candidate] band#1 reject: width_too_small width=5 min_width=28 x0=106 y0=37 band_h=14
[2026-03-12 00:05:15] [INFO] [Detector][Candidate] band#1 reject: width_too_small width=6 min_width=28 x0=117 y0=37 band_h=14
[2026-03-12 00:05:15] [INFO] [Detector][Candidate] band#1 reject: width_too_small width=3 min_width=28 x0=124 y0=37 band_h=14
[2026-03-12 00:05:15] [INFO] [Detector][Candidate] band#1 reject: width_too_small width=5 min_width=28 x0=128 y0=37 band_h=14
[2026-03-12 00:05:15] [INFO] [Detector][Candidate] band#1 reject: width_too_small width=2 min_width=28 x0=141 y0=37 band_h=14
[2026-03-12 00:05:15] [INFO] [Detector][Candidate] band#1 reject: width_too_small width=2 min_width=28 x0=144 y0=37 band_h=14
[2026-03-12 00:05:15] [INFO] [Detector][Candidate] band#1 reject: width_too_small width=19 min_width=28 x0=154 y0=37 band_h=14
[2026-03-12 00:05:15] [INFO] [Detector][Candidate] band#1 reject: width_too_small width=8 min_width=28 x0=174 y0=37 band_h=14
[2026-03-12 00:05:15] [INFO] [Detector][Candidate] band#1 reject: width_too_small width=3 min_width=28 x0=183 y0=37 band_h=14
[2026-03-12 00:05:15] [INFO] [Detector][Candidate] band#1 reject: width_too_small width=6 min_width=28 x0=187 y0=37 band_h=14
[2026-03-12 00:05:15] [INFO] [Detector][Candidate] band#1 reject: width_too_small width=7 min_width=28 x0=194 y0=37 band_h=14
[2026-03-12 00:05:15] [INFO] [Detector][Col] band#1 y0=37 y1=50 band_h=14 col_threshold=3 active_segments=14
[2026-03-12 00:05:15] [INFO] [Detector][Candidate] band#2 reject: width_too_small width=1 min_width=28 x0=1 y0=72 band_h=15
[2026-03-12 00:05:15] [INFO] [Detector][Candidate] band#2 reject: width_too_small width=13 min_width=28 x0=76 y0=72 band_h=15
[2026-03-12 00:05:15] [INFO] [Detector][Candidate] band#2 reject: width_too_small width=17 min_width=28 x0=91 y0=72 band_h=15
[2026-03-12 00:05:15] [INFO] [Detector][Candidate] band#2 reject: width_too_small width=1 min_width=28 x0=109 y0=72 band_h=15
[2026-03-12 00:05:15] [INFO] [Detector][Candidate] band#2 reject: width_too_small width=4 min_width=28 x0=114 y0=72 band_h=15
[2026-03-12 00:05:15] [INFO] [Detector][Candidate] band#2 reject: width_too_small width=7 min_width=28 x0=123 y0=72 band_h=15
[2026-03-12 00:05:15] [INFO] [Detector][Candidate] band#2 reject: width_too_small width=12 min_width=28 x0=133 y0=72 band_h=15
[2026-03-12 00:05:15] [INFO] [Detector][Candidate] band#2 reject: width_too_small width=19 min_width=28 x0=147 y0=72 band_h=15
[2026-03-12 00:05:15] [INFO] [Detector][Candidate] band#2 reject: width_too_small width=1 min_width=28 x0=167 y0=72 band_h=15
[2026-03-12 00:05:15] [INFO] [Detector][Candidate] band#2 reject: width_too_small width=11 min_width=28 x0=195 y0=72 band_h=15
[2026-03-12 00:05:15] [INFO] [Detector][Candidate] band#2 reject: width_too_small width=3 min_width=28 x0=208 y0=72 band_h=15
[2026-03-12 00:05:15] [INFO] [Detector][Candidate] band#2 reject: width_too_small width=3 min_width=28 x0=212 y0=72 band_h=15
[2026-03-12 00:05:15] [INFO] [Detector][Candidate] band#2 reject: width_too_small width=2 min_width=28 x0=228 y0=72 band_h=15
[2026-03-12 00:05:15] [INFO] [Detector][Candidate] band#2 reject: width_too_small width=6 min_width=28 x0=234 y0=72 band_h=15
[2026-03-12 00:05:15] [INFO] [Detector][Candidate] band#2 reject: width_too_small width=2 min_width=28 x0=242 y0=72 band_h=15
[2026-03-12 00:05:15] [INFO] [Detector][Candidate] band#2 accept: x0=246 y0=72 width=29 band_h=15 score=0.5187 threshold=0.3000
[2026-03-12 00:05:15] [INFO] [Detector][Candidate] band#2 reject: width_too_small width=3 min_width=28 x0=279 y0=72 band_h=15
[2026-03-12 00:05:15] [INFO] [Detector][Candidate] band#2 reject: width_too_small width=3 min_width=28 x0=283 y0=72 band_h=15
[2026-03-12 00:05:15] [INFO] [Detector][Candidate] band#2 reject: width_too_small width=6 min_width=28 x0=288 y0=72 band_h=15
[2026-03-12 00:05:15] [INFO] [Detector][Candidate] band#2 reject: width_too_small width=5 min_width=28 x0=295 y0=72 band_h=15
[2026-03-12 00:05:15] [INFO] [Detector][Candidate] band#2 reject: width_too_small width=2 min_width=28 x0=301 y0=72 band_h=15
[2026-03-12 00:05:15] [INFO] [Detector][Candidate] band#2 reject: width_too_small width=6 min_width=28 x0=305 y0=72 band_h=15
[2026-03-12 00:05:15] [INFO] [Detector][Candidate] band#2 reject: width_too_small width=5 min_width=28 x0=313 y0=72 band_h=15
[2026-03-12 00:05:15] [INFO] [Detector][Candidate] band#2 reject: width_too_small width=20 min_width=28 x0=321 y0=72 band_h=15
[2026-03-12 00:05:15] [INFO] [Detector][Candidate] band#2 reject: width_too_small width=5 min_width=28 x0=342 y0=72 band_h=15
[2026-03-12 00:05:15] [INFO] [Detector][Candidate] band#2 reject: width_too_small width=2 min_width=28 x0=354 y0=72 band_h=15
[2026-03-12 00:05:15] [INFO] [Detector][Candidate] band#2 reject: width_too_small width=10 min_width=28 x0=359 y0=72 band_h=15
[2026-03-12 00:05:15] [INFO] [Detector][Candidate] band#2 reject: width_too_small width=2 min_width=28 x0=382 y0=72 band_h=15
[2026-03-12 00:05:15] [INFO] [Detector][Candidate] band#2 reject: width_too_small width=3 min_width=28 x0=386 y0=72 band_h=15
[2026-03-12 00:05:15] [INFO] [Detector][Candidate] band#2 reject: width_too_small width=9 min_width=28 x0=415 y0=72 band_h=15
[2026-03-12 00:05:15] [INFO] [Detector][Candidate] band#2 reject: width_too_small width=2 min_width=28 x0=426 y0=72 band_h=15
[2026-03-12 00:05:15] [INFO] [Detector][Candidate] band#2 reject: width_too_small width=3 min_width=28 x0=429 y0=72 band_h=15
[2026-03-12 00:05:15] [INFO] [Detector][Candidate] band#2 reject: width_too_small width=16 min_width=28 x0=433 y0=72 band_h=15
[2026-03-12 00:05:15] [INFO] [Detector][Candidate] band#2 reject: width_too_small width=9 min_width=28 x0=453 y0=72 band_h=15
[2026-03-12 00:05:15] [INFO] [Detector][Candidate] band#2 reject: width_too_small width=2 min_width=28 x0=463 y0=72 band_h=15
[2026-03-12 00:05:15] [INFO] [Detector][Candidate] band#2 reject: width_too_small width=2 min_width=28 x0=477 y0=72 band_h=15
[2026-03-12 00:05:15] [INFO] [Detector][Candidate] band#2 reject: width_too_small width=2 min_width=28 x0=480 y0=72 band_h=15
[2026-03-12 00:05:15] [INFO] [Detector][Candidate] band#2 reject: width_too_small width=2 min_width=28 x0=485 y0=72 band_h=15
[2026-03-12 00:05:15] [INFO] [Detector][Candidate] band#2 reject: width_too_small width=6 min_width=28 x0=531 y0=72 band_h=15
[2026-03-12 00:05:15] [INFO] [Detector][Candidate] band#2 reject: width_too_small width=2 min_width=28 x0=553 y0=72 band_h=15
[2026-03-12 00:05:15] [INFO] [Detector][Candidate] band#2 reject: width_too_small width=2 min_width=28 x0=556 y0=72 band_h=15
[2026-03-12 00:05:15] [INFO] [Detector][Candidate] band#2 reject: width_too_small width=3 min_width=28 x0=563 y0=72 band_h=15
[2026-03-12 00:05:15] [INFO] [Detector][Col] band#2 y0=72 y1=86 band_h=15 col_threshold=3 active_segments=42
[2026-03-12 00:05:15] [INFO] [Detector][Output] final_detection_count=1
[2026-03-12 00:05:15] [INFO] [Detector][Input] frame=576x88 bgra_bytes=202752 expected_bgra_bytes=202752
[2026-03-12 00:05:15] [INFO] [Detector][Params] input_threshold=0.6000 clamped_threshold=0.6000 grad_threshold=39 row_density_threshold=0.0920 min_band_height=8 max_band_height=29
[2026-03-12 00:05:15] [INFO] [Detector][Row] row_hits_stats min=0 max=574 mean=69.0114 hit_rows=86/88
[2026-03-12 00:05:15] [INFO] [Detector][Band] extracted_band_count=3
[2026-03-12 00:05:15] [INFO] [Detector][Band] band#0 y0=27 y1=35 height=9 mean_row_density=0.1376
[2026-03-12 00:05:15] [INFO] [Detector][Band] band#1 y0=37 y1=50 height=14 mean_row_density=0.1244
[2026-03-12 00:05:15] [INFO] [Detector][Band] band#2 y0=72 y1=86 height=15 mean_row_density=0.3511
[2026-03-12 00:05:15] [INFO] [Detector][Candidate] band#0 reject: width_too_small width=1 min_width=28 x0=1 y0=27 band_h=9
[2026-03-12 00:05:15] [INFO] [Detector][Candidate] band#0 reject: width_too_small width=2 min_width=28 x0=75 y0=27 band_h=9
[2026-03-12 00:05:15] [INFO] [Detector][Candidate] band#0 reject: width_too_small width=10 min_width=28 x0=88 y0=27 band_h=9
[2026-03-12 00:05:15] [INFO] [Detector][Candidate] band#0 reject: width_too_small width=2 min_width=28 x0=109 y0=27 band_h=9
[2026-03-12 00:05:15] [INFO] [Detector][Candidate] band#0 reject: width_too_small width=4 min_width=28 x0=113 y0=27 band_h=9
[2026-03-12 00:05:15] [INFO] [Detector][Candidate] band#0 reject: width_too_small width=5 min_width=28 x0=118 y0=27 band_h=9
[2026-03-12 00:05:15] [INFO] [Detector][Candidate] band#0 reject: width_too_small width=11 min_width=28 x0=125 y0=27 band_h=9
[2026-03-12 00:05:15] [INFO] [Detector][Candidate] band#0 reject: width_too_small width=5 min_width=28 x0=138 y0=27 band_h=9
[2026-03-12 00:05:15] [INFO] [Detector][Candidate] band#0 reject: width_too_small width=8 min_width=28 x0=144 y0=27 band_h=9
[2026-03-12 00:05:15] [INFO] [Detector][Candidate] band#0 reject: width_too_small width=5 min_width=28 x0=155 y0=27 band_h=9
[2026-03-12 00:05:15] [INFO] [Detector][Candidate] band#0 reject: width_too_small width=3 min_width=28 x0=163 y0=27 band_h=9
[2026-03-12 00:05:15] [INFO] [Detector][Candidate] band#0 reject: width_too_small width=2 min_width=28 x0=171 y0=27 band_h=9
[2026-03-12 00:05:15] [INFO] [Detector][Candidate] band#0 reject: width_too_small width=2 min_width=28 x0=174 y0=27 band_h=9
[2026-03-12 00:05:15] [INFO] [Detector][Candidate] band#0 reject: width_too_small width=4 min_width=28 x0=181 y0=27 band_h=9
[2026-03-12 00:05:15] [INFO] [Detector][Col] band#0 y0=27 y1=35 band_h=9 col_threshold=2 active_segments=14
[2026-03-12 00:05:15] [INFO] [Detector][Candidate] band#1 reject: width_too_small width=1 min_width=28 x0=1 y0=37 band_h=14
[2026-03-12 00:05:15] [INFO] [Detector][Candidate] band#1 reject: width_too_small width=2 min_width=28 x0=76 y0=37 band_h=14
[2026-03-12 00:05:15] [INFO] [Detector][Candidate] band#1 reject: width_too_small width=19 min_width=28 x0=79 y0=37 band_h=14
[2026-03-12 00:05:15] [INFO] [Detector][Candidate] band#1 reject: width_too_small width=5 min_width=28 x0=106 y0=37 band_h=14
[2026-03-12 00:05:15] [INFO] [Detector][Candidate] band#1 reject: width_too_small width=6 min_width=28 x0=117 y0=37 band_h=14
[2026-03-12 00:05:15] [INFO] [Detector][Candidate] band#1 reject: width_too_small width=3 min_width=28 x0=124 y0=37 band_h=14
[2026-03-12 00:05:15] [INFO] [Detector][Candidate] band#1 reject: width_too_small width=5 min_width=28 x0=128 y0=37 band_h=14
[2026-03-12 00:05:15] [INFO] [Detector][Candidate] band#1 reject: width_too_small width=2 min_width=28 x0=141 y0=37 band_h=14
[2026-03-12 00:05:15] [INFO] [Detector][Candidate] band#1 reject: width_too_small width=2 min_width=28 x0=144 y0=37 band_h=14
[2026-03-12 00:05:15] [INFO] [Detector][Candidate] band#1 reject: width_too_small width=19 min_width=28 x0=154 y0=37 band_h=14
[2026-03-12 00:05:15] [INFO] [Detector][Candidate] band#1 reject: width_too_small width=8 min_width=28 x0=174 y0=37 band_h=14
[2026-03-12 00:05:15] [INFO] [Detector][Candidate] band#1 reject: width_too_small width=3 min_width=28 x0=183 y0=37 band_h=14
[2026-03-12 00:05:15] [INFO] [Detector][Candidate] band#1 reject: width_too_small width=6 min_width=28 x0=187 y0=37 band_h=14
[2026-03-12 00:05:15] [INFO] [Detector][Candidate] band#1 reject: width_too_small width=7 min_width=28 x0=194 y0=37 band_h=14
[2026-03-12 00:05:15] [INFO] [Detector][Col] band#1 y0=37 y1=50 band_h=14 col_threshold=3 active_segments=14
[2026-03-12 00:05:15] [INFO] [Detector][Candidate] band#2 reject: width_too_small width=1 min_width=28 x0=1 y0=72 band_h=15
[2026-03-12 00:05:15] [INFO] [Detector][Candidate] band#2 reject: width_too_small width=13 min_width=28 x0=76 y0=72 band_h=15
[2026-03-12 00:05:15] [INFO] [Detector][Candidate] band#2 reject: width_too_small width=17 min_width=28 x0=91 y0=72 band_h=15
[2026-03-12 00:05:15] [INFO] [Detector][Candidate] band#2 reject: width_too_small width=1 min_width=28 x0=109 y0=72 band_h=15
[2026-03-12 00:05:15] [INFO] [Detector][Candidate] band#2 reject: width_too_small width=4 min_width=28 x0=114 y0=72 band_h=15
[2026-03-12 00:05:15] [INFO] [Detector][Candidate] band#2 reject: width_too_small width=7 min_width=28 x0=123 y0=72 band_h=15
[2026-03-12 00:05:15] [INFO] [Detector][Candidate] band#2 reject: width_too_small width=12 min_width=28 x0=133 y0=72 band_h=15
[2026-03-12 00:05:15] [INFO] [Detector][Candidate] band#2 reject: width_too_small width=19 min_width=28 x0=147 y0=72 band_h=15
[2026-03-12 00:05:15] [INFO] [Detector][Candidate] band#2 reject: width_too_small width=1 min_width=28 x0=167 y0=72 band_h=15
[2026-03-12 00:05:15] [INFO] [Detector][Candidate] band#2 reject: width_too_small width=11 min_width=28 x0=195 y0=72 band_h=15
[2026-03-12 00:05:15] [INFO] [Detector][Candidate] band#2 reject: width_too_small width=3 min_width=28 x0=208 y0=72 band_h=15
[2026-03-12 00:05:15] [INFO] [Detector][Candidate] band#2 reject: width_too_small width=3 min_width=28 x0=212 y0=72 band_h=15
[2026-03-12 00:05:15] [INFO] [Detector][Candidate] band#2 reject: width_too_small width=2 min_width=28 x0=228 y0=72 band_h=15
[2026-03-12 00:05:15] [INFO] [Detector][Candidate] band#2 reject: width_too_small width=6 min_width=28 x0=234 y0=72 band_h=15
[2026-03-12 00:05:15] [INFO] [Detector][Candidate] band#2 reject: width_too_small width=2 min_width=28 x0=242 y0=72 band_h=15
[2026-03-12 00:05:15] [INFO] [Detector][Candidate] band#2 accept: x0=246 y0=72 width=29 band_h=15 score=0.5187 threshold=0.3000
[2026-03-12 00:05:15] [INFO] [Detector][Candidate] band#2 reject: width_too_small width=3 min_width=28 x0=279 y0=72 band_h=15
[2026-03-12 00:05:15] [INFO] [Detector][Candidate] band#2 reject: width_too_small width=3 min_width=28 x0=283 y0=72 band_h=15
[2026-03-12 00:05:15] [INFO] [Detector][Candidate] band#2 reject: width_too_small width=6 min_width=28 x0=288 y0=72 band_h=15
[2026-03-12 00:05:15] [INFO] [Detector][Candidate] band#2 reject: width_too_small width=5 min_width=28 x0=295 y0=72 band_h=15
[2026-03-12 00:05:15] [INFO] [Detector][Candidate] band#2 reject: width_too_small width=2 min_width=28 x0=301 y0=72 band_h=15
[2026-03-12 00:05:15] [INFO] [Detector][Candidate] band#2 reject: width_too_small width=6 min_width=28 x0=305 y0=72 band_h=15
[2026-03-12 00:05:15] [INFO] [Detector][Candidate] band#2 reject: width_too_small width=5 min_width=28 x0=313 y0=72 band_h=15
[2026-03-12 00:05:15] [INFO] [Detector][Candidate] band#2 reject: width_too_small width=20 min_width=28 x0=321 y0=72 band_h=15
[2026-03-12 00:05:15] [INFO] [Detector][Candidate] band#2 reject: width_too_small width=5 min_width=28 x0=342 y0=72 band_h=15
[2026-03-12 00:05:15] [INFO] [Detector][Candidate] band#2 reject: width_too_small width=2 min_width=28 x0=354 y0=72 band_h=15
[2026-03-12 00:05:15] [INFO] [Detector][Candidate] band#2 reject: width_too_small width=10 min_width=28 x0=359 y0=72 band_h=15
[2026-03-12 00:05:15] [INFO] [Detector][Candidate] band#2 reject: width_too_small width=2 min_width=28 x0=382 y0=72 band_h=15
[2026-03-12 00:05:15] [INFO] [Detector][Candidate] band#2 reject: width_too_small width=3 min_width=28 x0=386 y0=72 band_h=15
[2026-03-12 00:05:15] [INFO] [Detector][Candidate] band#2 reject: width_too_small width=9 min_width=28 x0=415 y0=72 band_h=15
[2026-03-12 00:05:15] [INFO] [Detector][Candidate] band#2 reject: width_too_small width=2 min_width=28 x0=426 y0=72 band_h=15
[2026-03-12 00:05:15] [INFO] [Detector][Candidate] band#2 reject: width_too_small width=3 min_width=28 x0=429 y0=72 band_h=15
[2026-03-12 00:05:15] [INFO] [Detector][Candidate] band#2 reject: width_too_small width=16 min_width=28 x0=433 y0=72 band_h=15
[2026-03-12 00:05:15] [INFO] [Detector][Candidate] band#2 reject: width_too_small width=9 min_width=28 x0=453 y0=72 band_h=15
[2026-03-12 00:05:15] [INFO] [Detector][Candidate] band#2 reject: width_too_small width=2 min_width=28 x0=463 y0=72 band_h=15
[2026-03-12 00:05:15] [INFO] [Detector][Candidate] band#2 reject: width_too_small width=2 min_width=28 x0=477 y0=72 band_h=15
[2026-03-12 00:05:15] [INFO] [Detector][Candidate] band#2 reject: width_too_small width=2 min_width=28 x0=480 y0=72 band_h=15
[2026-03-12 00:05:15] [INFO] [Detector][Candidate] band#2 reject: width_too_small width=2 min_width=28 x0=485 y0=72 band_h=15
[2026-03-12 00:05:15] [INFO] [Detector][Candidate] band#2 reject: width_too_small width=6 min_width=28 x0=531 y0=72 band_h=15
[2026-03-12 00:05:15] [INFO] [Detector][Candidate] band#2 reject: width_too_small width=2 min_width=28 x0=553 y0=72 band_h=15
[2026-03-12 00:05:15] [INFO] [Detector][Candidate] band#2 reject: width_too_small width=2 min_width=28 x0=556 y0=72 band_h=15
[2026-03-12 00:05:15] [INFO] [Detector][Candidate] band#2 reject: width_too_small width=3 min_width=28 x0=563 y0=72 band_h=15
[2026-03-12 00:05:15] [INFO] [Detector][Col] band#2 y0=72 y1=86 band_h=15 col_threshold=3 active_segments=42
[2026-03-12 00:05:15] [INFO] [Detector][Output] final_detection_count=1
[1] + Done                       "/usr/bin/gdb" --interpreter=mi --tty=${DbgTerm} 0<"/tmp/Microsoft-MIEngine-In-ajietile.xwb" 1>"/tmp/Microsoft-MIEngine-Out-3lz1k1w2.tnn"