[2026-03-12 00:26:45] [INFO] Overlay mask color configured as opaque black (ARGB=0xFF000000)
[2026-03-12 00:26:45] [INFO] Overlay window created
[2026-03-12 00:26:45] [INFO] Controls: Space start/pause, R reselect ROI, Q/Esc quit
[2026-03-12 00:26:50] [INFO] CaptureVisionPipeline started
[2026-03-12 00:26:50] [INFO] Click-through enabled (running)
[2026-03-12 00:26:50] [INFO] Running: click-through on
[2026-03-12 00:26:50] [INFO] X11Capture: 已启用 XShm 优先抓屏
[2026-03-12 00:26:50] [INFO] [Detector][Candidate] band#0 sampled_reject: width_too_small width=1 min_width=12 x0=1 y0=16 band_h=35
[2026-03-12 00:26:50] [INFO] [Detector][Candidate] band#0 sampled_reject: width_too_small width=1 min_width=12 x0=16 y0=16 band_h=35
[2026-03-12 00:26:50] [INFO] [Detector][Summary] frame_idx=1 frame=335x66 input_threshold=0.6000 clamped_threshold=0.6000 grad_threshold=39 row_density_threshold=0.0920 row_hits_mean=78.8636 hit_rows=64/66 band_count=1 first_band_density=0.4043 active_segments=29 candidate_count=29 width_reject_count=25 score_reject_count=0 accept_count=4 final_detection_count=4 no_band_streak=0 no_detection_streak=0
[2026-03-12 00:26:54] [INFO] [Detector][Summary] frame_idx=20 frame=335x66 input_threshold=0.6000 clamped_threshold=0.6000 grad_threshold=39 row_density_threshold=0.0920 row_hits_mean=21.7121 hit_rows=64/66 band_count=0 first_band_density=0.0000 active_segments=0 candidate_count=0 width_reject_count=0 score_reject_count=0 accept_count=0 final_detection_count=0 no_band_streak=3 no_detection_streak=3
[2026-03-12 00:26:58] [INFO] [Detector][Candidate] band#0 sampled_reject: width_too_small width=2 min_width=12 x0=1 y0=9 band_h=27
[2026-03-12 00:26:58] [INFO] [Detector][Candidate] band#0 sampled_reject: width_too_small width=5 min_width=12 x0=43 y0=9 band_h=27
[2026-03-12 00:26:58] [INFO] [Detector][Summary] frame_idx=40 frame=335x66 input_threshold=0.6000 clamped_threshold=0.6000 grad_threshold=39 row_density_threshold=0.0920 row_hits_mean=50.6515 hit_rows=64/66 band_count=1 first_band_density=0.3055 active_segments=28 candidate_count=28 width_reject_count=28 score_reject_count=0 accept_count=0 final_detection_count=0 no_band_streak=0 no_detection_streak=1
[2026-03-12 00:27:02] [INFO] [Detector][Candidate] band#0 sampled_reject: width_too_small width=3 min_width=12 x0=1 y0=1 band_h=36
[2026-03-12 00:27:02] [INFO] [Detector][Candidate] band#0 sampled_reject: width_too_small width=2 min_width=12 x0=95 y0=1 band_h=36
[2026-03-12 00:27:02] [INFO] [Detector][Summary] frame_idx=60 frame=335x66 input_threshold=0.6000 clamped_threshold=0.6000 grad_threshold=39 row_density_threshold=0.0920 row_hits_mean=84.7727 hit_rows=64/66 band_count=1 first_band_density=0.4608 active_segments=28 candidate_count=28 width_reject_count=26 score_reject_count=0 accept_count=2 final_detection_count=2 no_band_streak=0 no_detection_streak=0
[2026-03-12 00:27:06] [INFO] [Detector][Summary] frame_idx=80 frame=335x66 input_threshold=0.6000 clamped_threshold=0.6000 grad_threshold=39 row_density_threshold=0.0920 row_hits_mean=6.9091 hit_rows=64/66 band_count=0 first_band_density=0.0000 active_segments=0 candidate_count=0 width_reject_count=0 score_reject_count=0 accept_count=0 final_detection_count=0 no_band_streak=1 no_detection_streak=1
[2026-03-12 00:27:10] [INFO] [Detector][Candidate] band#0 sampled_reject: width_too_small width=2 min_width=12 x0=1 y0=13 band_h=35
[2026-03-12 00:27:10] [INFO] [Detector][Candidate] band#0 sampled_reject: width_too_small width=7 min_width=12 x0=6 y0=13 band_h=35
[2026-03-12 00:27:10] [INFO] [Detector][Summary] frame_idx=100 frame=335x66 input_threshold=0.6000 clamped_threshold=0.6000 grad_threshold=39 row_density_threshold=0.0920 row_hits_mean=64.8030 hit_rows=64/66 band_count=1 first_band_density=0.3296 active_segments=25 candidate_count=25 width_reject_count=25 score_reject_count=0 accept_count=0 final_detection_count=0 no_band_streak=0 no_detection_streak=1
[2026-03-12 00:27:13] [INFO] CaptureVisionPipeline stopped
[2026-03-12 00:27:13] [INFO] Exiting SubEclipse overlay
[1] + Done                       "/usr/bin/gdb" --interpreter=mi --tty=${DbgTerm} 0<"/tmp/Microsoft-MIEngine-In-c5wgfw14.xwm" 1>"/tmp/Microsoft-MIEngine-Out-gdbwuhz0.f43"