[2026-03-12 00:29:28] [INFO] Overlay mask color configured as opaque black (ARGB=0xFF000000)
[2026-03-12 00:29:28] [INFO] Overlay window created
[2026-03-12 00:29:28] [INFO] Controls: Space start/pause, R reselect ROI, Q/Esc quit
[2026-03-12 00:29:38] [INFO] CaptureVisionPipeline started
[2026-03-12 00:29:38] [INFO] Click-through enabled (running)
[2026-03-12 00:29:38] [INFO] Running: click-through on
[2026-03-12 00:29:38] [INFO] X11Capture: 已启用 XShm 优先抓屏
[2026-03-12 00:29:38] [INFO] [Detector][Candidate] band#0 sampled_reject: width_too_small width=1 min_width=22 x0=1 y0=10 band_h=36
[2026-03-12 00:29:38] [INFO] [Detector][Candidate] band#0 sampled_reject: width_too_small width=1 min_width=22 x0=10 y0=10 band_h=36
[2026-03-12 00:29:38] [INFO] [Detector][Summary] frame_idx=1 frame=1027x62 input_threshold=0.6000 clamped_threshold=0.6000 grad_threshold=39 row_density_threshold=0.0920 row_hits_mean=314.0000 hit_rows=60/62 band_count=1 first_band_density=0.4966 active_segments=89 candidate_count=89 width_reject_count=82 score_reject_count=0 accept_count=7 final_detection_count=7 no_band_streak=0 no_detection_streak=0
[2026-03-12 00:29:42] [INFO] [Detector][Candidate] band#0 sampled_reject: width_too_small width=1 min_width=22 x0=1 y0=11 band_h=35
[2026-03-12 00:29:42] [INFO] [Detector][Candidate] band#0 sampled_reject: width_too_small width=1 min_width=22 x0=10 y0=11 band_h=35
[2026-03-12 00:29:42] [INFO] [Detector][Summary] frame_idx=20 frame=1027x62 input_threshold=0.6000 clamped_threshold=0.6000 grad_threshold=39 row_density_threshold=0.0920 row_hits_mean=232.6935 hit_rows=60/62 band_count=1 first_band_density=0.3677 active_segments=81 candidate_count=81 width_reject_count=81 score_reject_count=0 accept_count=0 final_detection_count=0 no_band_streak=0 no_detection_streak=1
[2026-03-12 00:29:46] [INFO] [Detector][Candidate] band#0 sampled_reject: width_too_small width=1 min_width=22 x0=1 y0=19 band_h=35
[2026-03-12 00:29:46] [INFO] [Detector][Candidate] band#0 sampled_reject: width_too_small width=1 min_width=22 x0=47 y0=19 band_h=35
[2026-03-12 00:29:46] [INFO] [Detector][Summary] frame_idx=40 frame=1027x62 input_threshold=0.6000 clamped_threshold=0.6000 grad_threshold=39 row_density_threshold=0.0920 row_hits_mean=165.9839 hit_rows=60/62 band_count=1 first_band_density=0.2500 active_segments=68 candidate_count=68 width_reject_count=66 score_reject_count=0 accept_count=2 final_detection_count=2 no_band_streak=0 no_detection_streak=0
[2026-03-12 00:29:50] [INFO] [Detector][Summary] frame_idx=60 frame=1027x62 input_threshold=0.6000 clamped_threshold=0.6000 grad_threshold=39 row_density_threshold=0.0920 row_hits_mean=56.1129 hit_rows=60/62 band_count=0 first_band_density=0.0000 active_segments=0 candidate_count=0 width_reject_count=0 score_reject_count=0 accept_count=0 final_detection_count=0 no_band_streak=9 no_detection_streak=12
[2026-03-12 00:29:54] [INFO] [Detector][Summary] frame_idx=80 frame=1027x62 input_threshold=0.6000 clamped_threshold=0.6000 grad_threshold=39 row_density_threshold=0.0920 row_hits_mean=34.4839 hit_rows=60/62 band_count=0 first_band_density=0.0000 active_segments=0 candidate_count=0 width_reject_count=0 score_reject_count=0 accept_count=0 final_detection_count=0 no_band_streak=2 no_detection_streak=2
[2026-03-12 00:29:58] [INFO] [Detector][Candidate] band#0 sampled_reject: width_too_small width=1 min_width=22 x0=1 y0=15 band_h=20
[2026-03-12 00:29:58] [INFO] [Detector][Candidate] band#0 sampled_reject: width_too_small width=7 min_width=22 x0=23 y0=15 band_h=20
[2026-03-12 00:29:58] [INFO] [Detector][Summary] frame_idx=100 frame=1027x62 input_threshold=0.6000 clamped_threshold=0.6000 grad_threshold=39 row_density_threshold=0.0920 row_hits_mean=116.4839 hit_rows=60/62 band_count=1 first_band_density=0.2575 active_segments=60 candidate_count=60 width_reject_count=60 score_reject_count=0 accept_count=0 final_detection_count=0 no_band_streak=0 no_detection_streak=1
[2026-03-12 00:30:03] [INFO] [Detector][Candidate] band#0 sampled_reject: width_too_small width=1 min_width=22 x0=1 y0=23 band_h=36
[2026-03-12 00:30:03] [INFO] [Detector][Candidate] band#0 sampled_reject: width_too_small width=6 min_width=22 x0=38 y0=23 band_h=36
[2026-03-12 00:30:03] [INFO] [Detector][Summary] frame_idx=120 frame=1027x62 input_threshold=0.6000 clamped_threshold=0.6000 grad_threshold=39 row_density_threshold=0.0920 row_hits_mean=299.1935 hit_rows=60/62 band_count=1 first_band_density=0.4730 active_segments=87 candidate_count=87 width_reject_count=78 score_reject_count=0 accept_count=9 final_detection_count=9 no_band_streak=0 no_detection_streak=0
[2026-03-12 00:30:07] [INFO] [Detector][Candidate] band#0 sampled_reject: width_too_small width=4 min_width=22 x0=15 y0=24 band_h=34
[2026-03-12 00:30:07] [INFO] [Detector][Candidate] band#0 sampled_reject: width_too_small width=1 min_width=22 x0=22 y0=24 band_h=34
[2026-03-12 00:30:07] [INFO] [Detector][Summary] frame_idx=140 frame=1027x62 input_threshold=0.6000 clamped_threshold=0.6000 grad_threshold=39 row_density_threshold=0.0920 row_hits_mean=153.0323 hit_rows=36/62 band_count=1 first_band_density=0.2686 active_segments=136 candidate_count=136 width_reject_count=136 score_reject_count=0 accept_count=0 final_detection_count=0 no_band_streak=0 no_detection_streak=8
[2026-03-12 00:30:11] [INFO] [Detector][Candidate] band#0 sampled_reject: width_too_small width=1 min_width=22 x0=1 y0=23 band_h=36
[2026-03-12 00:30:11] [INFO] [Detector][Candidate] band#0 sampled_reject: width_too_small width=6 min_width=22 x0=38 y0=23 band_h=36
[2026-03-12 00:30:11] [INFO] [Detector][Summary] frame_idx=160 frame=1027x62 input_threshold=0.6000 clamped_threshold=0.6000 grad_threshold=39 row_density_threshold=0.0920 row_hits_mean=299.5645 hit_rows=60/62 band_count=1 first_band_density=0.4744 active_segments=88 candidate_count=88 width_reject_count=79 score_reject_count=0 accept_count=9 final_detection_count=9 no_band_streak=0 no_detection_streak=0
[2026-03-12 00:30:15] [INFO] [Detector][Candidate] band#0 sampled_reject: width_too_small width=1 min_width=22 x0=1 y0=24 band_h=35
[2026-03-12 00:30:15] [INFO] [Detector][Candidate] band#0 sampled_reject: width_too_small width=2 min_width=22 x0=35 y0=24 band_h=35
[2026-03-12 00:30:15] [INFO] [Detector][Summary] frame_idx=180 frame=1027x62 input_threshold=0.6000 clamped_threshold=0.6000 grad_threshold=39 row_density_threshold=0.0920 row_hits_mean=197.4355 hit_rows=60/62 band_count=1 first_band_density=0.3083 active_segments=72 candidate_count=72 width_reject_count=72 score_reject_count=0 accept_count=0 final_detection_count=0 no_band_streak=0 no_detection_streak=10
[2026-03-12 00:30:19] [INFO] [Detector][Candidate] band#0 sampled_reject: width_too_small width=1 min_width=22 x0=1 y0=24 band_h=35
[2026-03-12 00:30:19] [INFO] [Detector][Candidate] band#0 sampled_reject: width_too_small width=2 min_width=22 x0=35 y0=24 band_h=35
[2026-03-12 00:30:19] [WARN] [Detector][Output] final_detection_count=0 streak=30 frame_idx=200
[2026-03-12 00:30:19] [INFO] [Detector][Summary] frame_idx=200 frame=1027x62 input_threshold=0.6000 clamped_threshold=0.6000 grad_threshold=39 row_density_threshold=0.0920 row_hits_mean=197.7742 hit_rows=60/62 band_count=1 first_band_density=0.3085 active_segments=73 candidate_count=73 width_reject_count=73 score_reject_count=0 accept_count=0 final_detection_count=0 no_band_streak=0 no_detection_streak=30
[2026-03-12 00:30:23] [INFO] CaptureVisionPipeline stopped
[2026-03-12 00:30:23] [INFO] Exiting SubEclipse overlay
[1] + Done                       "/usr/bin/gdb" --interpreter=mi --tty=${DbgTerm} 0<"/tmp/Microsoft-MIEngine-In-5n1hgwj4.m0k" 1>"/tmp/Microsoft-MIEngine-Out-vcb3g4j1.2b0"