[2026-03-12 00:21:24] [INFO] Overlay window created
[2026-03-12 00:21:24] [INFO] Controls: Space start/pause, R reselect ROI, Q/Esc quit
[2026-03-12 00:21:32] [INFO] CaptureVisionPipeline started
[2026-03-12 00:21:32] [INFO] Click-through enabled (running)
[2026-03-12 00:21:32] [INFO] Running: click-through on
[2026-03-12 00:21:32] [INFO] X11Capture: 已启用 XShm 优先抓屏
[2026-03-12 00:21:32] [INFO] [Detector][Candidate] band#0 sampled_reject: width_too_small width=1 min_width=12 x0=1 y0=10 band_h=36
[2026-03-12 00:21:32] [INFO] [Detector][Candidate] band#0 sampled_reject: width_too_small width=2 min_width=12 x0=38 y0=10 band_h=36
[2026-03-12 00:21:32] [INFO] [Detector][Summary] frame_idx=1 frame=362x54 input_threshold=0.6000 clamped_threshold=0.6000 grad_threshold=39 row_density_threshold=0.0920 row_hits_mean=120.1852 hit_rows=52/54 band_count=1 first_band_density=0.4698 active_segments=28 candidate_count=28 width_reject_count=23 score_reject_count=0 accept_count=5 final_detection_count=5 no_band_streak=0 no_detection_streak=0
[2026-03-12 00:21:35] [INFO] [Detector][Candidate] band#0 sampled_reject: width_too_small width=1 min_width=12 x0=1 y0=18 band_h=21
[2026-03-12 00:21:35] [INFO] [Detector][Candidate] band#0 sampled_reject: width_too_small width=4 min_width=12 x0=54 y0=18 band_h=21
[2026-03-12 00:21:35] [INFO] [Detector][Summary] frame_idx=20 frame=362x54 input_threshold=0.6000 clamped_threshold=0.6000 grad_threshold=39 row_density_threshold=0.0920 row_hits_mean=60.6111 hit_rows=52/54 band_count=1 first_band_density=0.3709 active_segments=29 candidate_count=29 width_reject_count=29 score_reject_count=0 accept_count=0 final_detection_count=0 no_band_streak=0 no_detection_streak=6
[2026-03-12 00:21:40] [INFO] [Detector][Summary] frame_idx=40 frame=362x54 input_threshold=0.6000 clamped_threshold=0.6000 grad_threshold=39 row_density_threshold=0.0920 row_hits_mean=12.5185 hit_rows=52/54 band_count=0 first_band_density=0.0000 active_segments=0 candidate_count=0 width_reject_count=0 score_reject_count=0 accept_count=0 final_detection_count=0 no_band_streak=2 no_detection_streak=2
[2026-03-12 00:21:44] [INFO] [Detector][Candidate] band#0 sampled_reject: width_too_small width=1 min_width=12 x0=1 y0=14 band_h=35
[2026-03-12 00:21:44] [INFO] [Detector][Candidate] band#0 sampled_reject: width_too_small width=9 min_width=12 x0=17 y0=14 band_h=35
[2026-03-12 00:21:44] [INFO] [Detector][Summary] frame_idx=60 frame=362x54 input_threshold=0.6000 clamped_threshold=0.6000 grad_threshold=39 row_density_threshold=0.0920 row_hits_mean=131.3148 hit_rows=52/54 band_count=1 first_band_density=0.5290 active_segments=30 candidate_count=30 width_reject_count=26 score_reject_count=0 accept_count=4 final_detection_count=4 no_band_streak=0 no_detection_streak=0
[2026-03-12 00:21:48] [INFO] [Detector][Candidate] band#0 sampled_reject: width_too_small width=1 min_width=12 x0=1 y0=14 band_h=35
[2026-03-12 00:21:48] [INFO] [Detector][Candidate] band#0 sampled_reject: width_too_small width=9 min_width=12 x0=17 y0=14 band_h=35
[2026-03-12 00:21:48] [INFO] [Detector][Summary] frame_idx=80 frame=362x54 input_threshold=0.6000 clamped_threshold=0.6000 grad_threshold=39 row_density_threshold=0.0920 row_hits_mean=131.3148 hit_rows=52/54 band_count=1 first_band_density=0.5290 active_segments=30 candidate_count=30 width_reject_count=26 score_reject_count=0 accept_count=4 final_detection_count=4 no_band_streak=0 no_detection_streak=0
[1] + Done                       "/usr/bin/gdb" --interpreter=mi --tty=${DbgTerm} 0<"/tmp/Microsoft-MIEngine-In-1luqpcis.0nb" 1>"/tmp/Microsoft-MIEngine-Out-vh0te4gd.r2v"